#set( $symbol_pound = '#' )
#set( $symbol_dollar = '$' )
#set( $symbol_escape = '\' )
<?xml version="1.0" encoding="UTF-8"?>
<!-- Generated by org.testng.reporters.JUnitReportReporter -->
<testsuite skipped="0" hostname="ATMECSINLT-085" name="${package}.testscripts.WelcomePage" tests="2" failures="0" timestamp="10 Oct 2019 09:15:55 GMT" time="11.111" errors="0">
  <testcase name="validateKonakart" time="2.875" classname="${package}.testscripts.WelcomePage"/>
  <testcase name="validateKonakart" time="8.236" classname="${package}.testscripts.WelcomePage"/>
</testsuite> <!-- ${package}.testscripts.WelcomePage -->
