#set( $symbol_pound = '#' )
#set( $symbol_dollar = '$' )
#set( $symbol_escape = '\' )
<?xml version="1.0" encoding="UTF-8"?>
<!-- Generated by org.testng.reporters.JUnitReportReporter -->
<testsuite skipped="0" hostname="ATMECSINLT-085" name="${package}.testscripts.HeroImage" tests="2" failures="0" timestamp="10 Oct 2019 09:15:55 GMT" time="24.062" errors="0">
  <testcase name="validateHeroImage" time="23.726" classname="${package}.testscripts.HeroImage"/>
  <testcase name="validateHeroImage" time="0.336" classname="${package}.testscripts.HeroImage"/>
</testsuite> <!-- ${package}.testscripts.HeroImage -->
