#set( $symbol_pound = '#' )
#set( $symbol_dollar = '$' )
#set( $symbol_escape = '\' )
<?xml version="1.0" encoding="UTF-8"?>
<!-- Generated by org.testng.reporters.JUnitReportReporter -->
<testsuite skipped="0" hostname="ATMECSINLT-085" name="${package}.testscripts.sample" tests="2" failures="0" timestamp="09 Oct 2019 15:16:14 GMT" time="24.519" errors="0">
  <testcase name="validateHeroImage" time="0.304" classname="${package}.testscripts.sample"/>
  <testcase name="validateHeroImage" time="24.215" classname="${package}.testscripts.sample"/>
</testsuite> <!-- ${package}.testscripts.sample -->
