<?xml version="1.0" encoding="UTF-8"?>
<!-- Generated by org.testng.reporters.JUnitReportReporter -->
<testsuite skipped="0" hostname="ATMECSINLT-085" name="com.atmecs.konakart.testscripts.WelcomePage" tests="2" failures="0" timestamp="10 Oct 2019 12:52:12 GMT" time="10.508" errors="0">
  <testcase name="validateKonakart" time="2.597" classname="com.atmecs.konakart.testscripts.WelcomePage"/>
  <testcase name="validateKonakart" time="7.911" classname="com.atmecs.konakart.testscripts.WelcomePage"/>
</testsuite> <!-- com.atmecs.konakart.testscripts.WelcomePage -->
