<?xml version="1.0" encoding="UTF-8"?>
<!-- Generated by org.testng.reporters.JUnitReportReporter -->
<testsuite skipped="0" hostname="ATMECSINLT-085" name="com.atmecs.konakart.testscripts.sample" tests="2" failures="0" timestamp="09 Oct 2019 15:16:14 GMT" time="24.519" errors="0">
  <testcase name="validateHeroImage" time="0.304" classname="com.atmecs.konakart.testscripts.sample"/>
  <testcase name="validateHeroImage" time="24.215" classname="com.atmecs.konakart.testscripts.sample"/>
</testsuite> <!-- com.atmecs.konakart.testscripts.sample -->
