<?xml version="1.0" encoding="UTF-8"?>
<!-- Generated by org.testng.reporters.JUnitReportReporter -->
<testsuite skipped="0" hostname="ATMECSINLT-085" name="com.atmecs.konakart.testscripts.HeroImage" tests="2" failures="0" timestamp="10 Oct 2019 12:52:12 GMT" time="25.111" errors="0">
  <testcase name="validateHeroImage" time="24.805" classname="com.atmecs.konakart.testscripts.HeroImage"/>
  <testcase name="validateHeroImage" time="0.306" classname="com.atmecs.konakart.testscripts.HeroImage"/>
</testsuite> <!-- com.atmecs.konakart.testscripts.HeroImage -->
