<?xml version="1.0" encoding="UTF-8"?>
<!-- Generated by org.testng.reporters.JUnitReportReporter -->
<testsuite skipped="0" hostname="ATMECSINLT-085" name="com.atmecs.konakart.testscripts.WelcomePage" tests="2" failures="0" timestamp="10 Oct 2019 15:17:04 GMT" time="11.291" errors="0">
  <testcase name="validateKonakart" time="8.413" classname="com.atmecs.konakart.testscripts.WelcomePage"/>
  <testcase name="validateKonakart" time="2.878" classname="com.atmecs.konakart.testscripts.WelcomePage"/>
</testsuite> <!-- com.atmecs.konakart.testscripts.WelcomePage -->
